<?xml version="1.0" encoding="UTF-8"?>
<!DOCTYPE html PUBLIC "-//W3C//DTD XHTML 1.0 Strict//EN" "http://www.w3.org/TR/xhtml1/DTD/xhtml1-strict.dtd">
<html xmlns="http://www.w3.org/1999/xhtml">
<head>
    <title>测试报告</title>
    <meta name="generator" content="HTMLTestRunner 0.8.2"/>
    <meta http-equiv="Content-Type" content="text/html; charset=UTF-8"/>
    
<style type="text/css" media="screen">
body        { font-family: verdana, arial, helvetica, sans-serif; font-size: 80%; }
table       { font-size: 100%; }
pre         { }

/* -- heading ---------------------------------------------------------------------- */
h1 {
	font-size: 16pt;
	color: gray;
}
.heading {
    margin-top: 0ex;
    margin-bottom: 1ex;
}

.heading .attribute {
    margin-top: 1ex;
    margin-bottom: 0;
}

.heading .description {
    margin-top: 4ex;
    margin-bottom: 6ex;
}

/* -- css div popup ------------------------------------------------------------------------ */
a.popup_link {
}

a.popup_link:hover {
    color: red;
}

.popup_window {
    display: none;
    position: relative;
    left: 0px;
    top: 0px;
    /*border: solid #627173 1px; */
    padding: 10px;
    background-color: #E6E6D6;
    font-family: "Lucida Console", "Courier New", Courier, monospace;
    text-align: left;
    font-size: 8pt;
    width: 500px;
}

}
/* -- report ------------------------------------------------------------------------ */
#show_detail_line {
    margin-top: 3ex;
    margin-bottom: 1ex;
}
#result_table {
    width: 80%;
    border-collapse: collapse;
    border: 1px solid #777;
}
#header_row {
    font-weight: bold;
    color: white;
    background-color: #777;
}
#result_table td {
    border: 1px solid #777;
    padding: 2px;
}
#total_row  { font-weight: bold; }
.passClass  { background-color: #6c6; }
.failClass  { background-color: #c60; }
.errorClass { background-color: #c00; }
.passCase   { color: #6c6; }
.failCase   { color: #c60; font-weight: bold; }
.errorCase  { color: #c00; font-weight: bold; }
.hiddenRow  { display: none; }
.testcase   { margin-left: 2em; }


/* -- ending ---------------------------------------------------------------------- */
#ending {
}

</style>

</head>
<body>
<script language="javascript" type="text/javascript"><!--
output_list = Array();

/* level - 0:Summary; 1:Failed; 2:All */
function showCase(level) {
    trs = document.getElementsByTagName("tr");
    for (var i = 0; i < trs.length; i++) {
        tr = trs[i];
        id = tr.id;
        if (id.substr(0,2) == 'ft') {
            if (level < 1) {
                tr.className = 'hiddenRow';
            }
            else {
                tr.className = '';
            }
        }
        if (id.substr(0,2) == 'pt') {
            if (level > 1) {
                tr.className = '';
            }
            else {
                tr.className = 'hiddenRow';
            }
        }
    }
}


function showClassDetail(cid, count) {
    var id_list = Array(count);
    var toHide = 1;
    for (var i = 0; i < count; i++) {
        tid0 = 't' + cid.substr(1) + '.' + (i+1);
        tid = 'f' + tid0;
        tr = document.getElementById(tid);
        if (!tr) {
            tid = 'p' + tid0;
            tr = document.getElementById(tid);
        }
        id_list[i] = tid;
        if (tr.className) {
            toHide = 0;
        }
    }
    for (var i = 0; i < count; i++) {
        tid = id_list[i];
        if (toHide) {
            document.getElementById('div_'+tid).style.display = 'none'
            document.getElementById(tid).className = 'hiddenRow';
        }
        else {
            document.getElementById(tid).className = '';
        }
    }
}


function showTestDetail(div_id){
    var details_div = document.getElementById(div_id)
    var displayState = details_div.style.display
    // alert(displayState)
    if (displayState != 'block' ) {
        displayState = 'block'
        details_div.style.display = 'block'
    }
    else {
        details_div.style.display = 'none'
    }
}


function html_escape(s) {
    s = s.replace(/&/g,'&amp;');
    s = s.replace(/</g,'&lt;');
    s = s.replace(/>/g,'&gt;');
    return s;
}

/* obsoleted by detail in <div>
function showOutput(id, name) {
    var w = window.open("", //url
                    name,
                    "resizable,scrollbars,status,width=800,height=450");
    d = w.document;
    d.write("<pre>");
    d.write(html_escape(output_list[id]));
    d.write("\n");
    d.write("<a href='javascript:window.close()'>close</a>\n");
    d.write("</pre>\n");
    d.close();
}
*/
--></script>

<div class='heading'>
<h1>测试报告</h1>
<p class='attribute'><strong>Start Time:</strong> 2017-08-02 13:16:27</p>
<p class='attribute'><strong>Duration:</strong> 0:00:49.706023</p>
<p class='attribute'><strong>Status:</strong> Failure 2 Error 2</p>

<p class='description'>用例执行情况</p>
</div>



<p id='show_detail_line'>Show
<a href='javascript:showCase(0)'>Summary</a>
<a href='javascript:showCase(1)'>Failed</a>
<a href='javascript:showCase(2)'>All</a>
</p>
<table id='result_table'>
<colgroup>
<col align='left' />
<col align='right' />
<col align='right' />
<col align='right' />
<col align='right' />
<col align='right' />
</colgroup>
<tr id='header_row'>
    <td>Test Group/Test case</td>
    <td>Count</td>
    <td>Pass</td>
    <td>Fail</td>
    <td>Error</td>
    <td>View</td>
</tr>

<tr class='errorClass'>
    <td>test_login.loginTest: 登陆测试</td>
    <td>4</td>
    <td>0</td>
    <td>2</td>
    <td>2</td>
    <td><a href="javascript:showClassDetail('c1',4)">Detail</a></td>
</tr>

<tr id='ft1.1' class='none'>
    <td class='failCase'><div class='testcase'>test_login1: 用户名、密码为空</div></td>
    <td colspan='5' align='center'>

    <!--css div popup start-->
    <a class="popup_link" onfocus='this.blur();' href="javascript:showTestDetail('div_ft1.1')" >
        fail</a>

    <div id='div_ft1.1' class="popup_window">
        <div style='text-align: right; color:red;cursor:pointer'>
        <a onfocus='this.blur();' onclick="document.getElementById('div_ft1.1').style.display = 'none' " >
           [x]</a>
        </div>
        <pre>
        
ft1.1: Traceback (most recent call last):
  File "c:\Users\admin\Desktop\zzs\synch\selenium\blog_testing\testcases\test_login.py", line 20, in test_login1
    self.assertEqual(po.user_error_hint(), "账号不能为空")
AssertionError: '请输入用户名' != '账号不能为空'
- 请输入用户名
+ 账号不能为空

Traceback (most recent call last):
  File "c:\Users\admin\Desktop\zzs\synch\selenium\blog_testing\testcases\test_login.py", line 20, in test_login1
    self.assertEqual(po.user_error_hint(), "账号不能为空")
AssertionError: '请输入用户名' != '账号不能为空'
- 请输入用户名
+ 账号不能为空



        </pre>
    </div>
    <!--css div popup end-->

    </td>
</tr>

<tr id='ft1.2' class='none'>
    <td class='errorCase'><div class='testcase'>test_login2: 用户名正确、密码为空</div></td>
    <td colspan='5' align='center'>

    <!--css div popup start-->
    <a class="popup_link" onfocus='this.blur();' href="javascript:showTestDetail('div_ft1.2')" >
        error</a>

    <div id='div_ft1.2' class="popup_window">
        <div style='text-align: right; color:red;cursor:pointer'>
        <a onfocus='this.blur();' onclick="document.getElementById('div_ft1.2').style.display = 'none' " >
           [x]</a>
        </div>
        <pre>
        
ft1.2: Traceback (most recent call last):
  File "c:\Users\admin\Desktop\zzs\synch\selenium\blog_testing\testcases\test_login.py", line 28, in test_login2
    self.assertEqual(po.pawd_error_hint(), "密码不能为空")
  File "c:\Users\admin\Desktop\zzs\synch\selenium\blog_testing\testcases\page_object\loginPage.py", line 51, in pawd_error_hint
    return self.find_element(*self.pawd_error_hint_loc).text
  File "c:\Users\admin\Desktop\zzs\synch\selenium\blog_testing\testcases\page_object\base.py", line 17, in find_element
    return self.driver.find_element(*loc)
  File "C:\Users\admin\AppData\Local\Programs\Python\Python36-32\lib\site-packages\selenium\webdriver\remote\webdriver.py", line 784, in find_element
    'value': value})['value']
  File "C:\Users\admin\AppData\Local\Programs\Python\Python36-32\lib\site-packages\selenium\webdriver\remote\webdriver.py", line 249, in execute
    self.error_handler.check_response(response)
  File "C:\Users\admin\AppData\Local\Programs\Python\Python36-32\lib\site-packages\selenium\webdriver\remote\errorhandler.py", line 194, in check_response
    raise exception_class(message, screen, stacktrace)
selenium.common.exceptions.NoSuchElementException: Message: no such element: Unable to locate element: {"method":"xpath","selector":"/html/body/div[1]/ul/li[2]"}
  (Session info: chrome=59.0.3071.115)
  (Driver info: chromedriver=2.29.461591 (62ebf098771772160f391d75e589dc567915b233),platform=Windows NT 10.0.15063 x86_64) (WARNING: The server did not provide any stacktrace information)
Command duration or timeout: 10.03 seconds
For documentation on this error, please visit: http://seleniumhq.org/exceptions/no_such_element.html
Build info: version: '3.4.0', revision: 'unknown', time: 'unknown'
System info: host: 'LAPTOP-4DQKL4BC', ip: '192.168.52.13', os.name: 'Windows 10', os.arch: 'x86', os.version: '10.0', java.version: '1.8.0_131'
Driver info: org.openqa.selenium.chrome.ChromeDriver
Capabilities [{applicationCacheEnabled=false, rotatable=false, mobileEmulationEnabled=false, networkConnectionEnabled=false, chrome={chromedriverVersion=2.29.461591 (62ebf098771772160f391d75e589dc567915b233), userDataDir=C:\Users\admin\AppData\Local\Temp\scoped_dir14152_25508}, takesHeapSnapshot=true, pageLoadStrategy=normal, databaseEnabled=false, handlesAlerts=true, hasTouchScreen=false, version=59.0.3071.115, platform=XP, browserConnectionEnabled=false, nativeEvents=true, acceptSslCerts=true, locationContextEnabled=true, webStorageEnabled=true, browserName=chrome, takesScreenshot=true, javascriptEnabled=true, cssSelectorsEnabled=true, unexpectedAlertBehaviour=}]
Session ID: 755f9b2c3ae958e6d3b3fc8d0f27d060
*** Element info: {Using=xpath, value=/html/body/div[1]/ul/li[2]}
Screenshot: available via screen
Stacktrace:
    at sun.reflect.NativeConstructorAccessorImpl.newInstance0 (None:-2)
    at sun.reflect.NativeConstructorAccessorImpl.newInstance (None:-1)
    at sun.reflect.DelegatingConstructorAccessorImpl.newInstance (None:-1)
    at java.lang.reflect.Constructor.newInstance (None:-1)
    at org.openqa.selenium.remote.ErrorHandler.createThrowable (ErrorHandler.java:215)
    at org.openqa.selenium.remote.ErrorHandler.throwIfResponseFailed (ErrorHandler.java:167)
    at org.openqa.selenium.remote.RemoteWebDriver.execute (RemoteWebDriver.java:671)
    at org.openqa.selenium.remote.RemoteWebDriver.findElement (RemoteWebDriver.java:410)
    at org.openqa.selenium.remote.RemoteWebDriver.findElementByXPath (RemoteWebDriver.java:509)
    at org.openqa.selenium.By$ByXPath.findElement (By.java:361)
    at org.openqa.selenium.remote.RemoteWebDriver.findElement (RemoteWebDriver.java:402)
    at sun.reflect.NativeMethodAccessorImpl.invoke0 (None:-2)
    at sun.reflect.NativeMethodAccessorImpl.invoke (None:-1)
    at sun.reflect.DelegatingMethodAccessorImpl.invoke (None:-1)
    at java.lang.reflect.Method.invoke (None:-1)
    at org.openqa.selenium.support.events.EventFiringWebDriver$2.invoke (EventFiringWebDriver.java:104)
    at com.sun.proxy.$Proxy6.findElement (None:-1)
    at org.openqa.selenium.support.events.EventFiringWebDriver.findElement (EventFiringWebDriver.java:188)
    at org.openqa.selenium.remote.server.handler.FindElement.call (FindElement.java:48)
    at org.openqa.selenium.remote.server.handler.FindElement.call (FindElement.java:33)
    at java.util.concurrent.FutureTask.run (None:-1)
    at org.openqa.selenium.remote.server.DefaultSession$1.run (DefaultSession.java:176)
    at java.util.concurrent.ThreadPoolExecutor.runWorker (None:-1)
    at java.util.concurrent.ThreadPoolExecutor$Worker.run (None:-1)
    at java.lang.Thread.run (None:-1)
Traceback (most recent call last):
  File "c:\Users\admin\Desktop\zzs\synch\selenium\blog_testing\testcases\test_login.py", line 28, in test_login2
    self.assertEqual(po.pawd_error_hint(), "密码不能为空")
  File "c:\Users\admin\Desktop\zzs\synch\selenium\blog_testing\testcases\page_object\loginPage.py", line 51, in pawd_error_hint
    return self.find_element(*self.pawd_error_hint_loc).text
  File "c:\Users\admin\Desktop\zzs\synch\selenium\blog_testing\testcases\page_object\base.py", line 17, in find_element
    return self.driver.find_element(*loc)
  File "C:\Users\admin\AppData\Local\Programs\Python\Python36-32\lib\site-packages\selenium\webdriver\remote\webdriver.py", line 784, in find_element
    'value': value})['value']
  File "C:\Users\admin\AppData\Local\Programs\Python\Python36-32\lib\site-packages\selenium\webdriver\remote\webdriver.py", line 249, in execute
    self.error_handler.check_response(response)
  File "C:\Users\admin\AppData\Local\Programs\Python\Python36-32\lib\site-packages\selenium\webdriver\remote\errorhandler.py", line 194, in check_response
    raise exception_class(message, screen, stacktrace)
selenium.common.exceptions.NoSuchElementException: Message: no such element: Unable to locate element: {"method":"xpath","selector":"/html/body/div[1]/ul/li[2]"}
  (Session info: chrome=59.0.3071.115)
  (Driver info: chromedriver=2.29.461591 (62ebf098771772160f391d75e589dc567915b233),platform=Windows NT 10.0.15063 x86_64) (WARNING: The server did not provide any stacktrace information)
Command duration or timeout: 10.03 seconds
For documentation on this error, please visit: http://seleniumhq.org/exceptions/no_such_element.html
Build info: version: '3.4.0', revision: 'unknown', time: 'unknown'
System info: host: 'LAPTOP-4DQKL4BC', ip: '192.168.52.13', os.name: 'Windows 10', os.arch: 'x86', os.version: '10.0', java.version: '1.8.0_131'
Driver info: org.openqa.selenium.chrome.ChromeDriver
Capabilities [{applicationCacheEnabled=false, rotatable=false, mobileEmulationEnabled=false, networkConnectionEnabled=false, chrome={chromedriverVersion=2.29.461591 (62ebf098771772160f391d75e589dc567915b233), userDataDir=C:\Users\admin\AppData\Local\Temp\scoped_dir14152_25508}, takesHeapSnapshot=true, pageLoadStrategy=normal, databaseEnabled=false, handlesAlerts=true, hasTouchScreen=false, version=59.0.3071.115, platform=XP, browserConnectionEnabled=false, nativeEvents=true, acceptSslCerts=true, locationContextEnabled=true, webStorageEnabled=true, browserName=chrome, takesScreenshot=true, javascriptEnabled=true, cssSelectorsEnabled=true, unexpectedAlertBehaviour=}]
Session ID: 755f9b2c3ae958e6d3b3fc8d0f27d060
*** Element info: {Using=xpath, value=/html/body/div[1]/ul/li[2]}
Screenshot: available via screen
Stacktrace:
    at sun.reflect.NativeConstructorAccessorImpl.newInstance0 (None:-2)
    at sun.reflect.NativeConstructorAccessorImpl.newInstance (None:-1)
    at sun.reflect.DelegatingConstructorAccessorImpl.newInstance (None:-1)
    at java.lang.reflect.Constructor.newInstance (None:-1)
    at org.openqa.selenium.remote.ErrorHandler.createThrowable (ErrorHandler.java:215)
    at org.openqa.selenium.remote.ErrorHandler.throwIfResponseFailed (ErrorHandler.java:167)
    at org.openqa.selenium.remote.RemoteWebDriver.execute (RemoteWebDriver.java:671)
    at org.openqa.selenium.remote.RemoteWebDriver.findElement (RemoteWebDriver.java:410)
    at org.openqa.selenium.remote.RemoteWebDriver.findElementByXPath (RemoteWebDriver.java:509)
    at org.openqa.selenium.By$ByXPath.findElement (By.java:361)
    at org.openqa.selenium.remote.RemoteWebDriver.findElement (RemoteWebDriver.java:402)
    at sun.reflect.NativeMethodAccessorImpl.invoke0 (None:-2)
    at sun.reflect.NativeMethodAccessorImpl.invoke (None:-1)
    at sun.reflect.DelegatingMethodAccessorImpl.invoke (None:-1)
    at java.lang.reflect.Method.invoke (None:-1)
    at org.openqa.selenium.support.events.EventFiringWebDriver$2.invoke (EventFiringWebDriver.java:104)
    at com.sun.proxy.$Proxy6.findElement (None:-1)
    at org.openqa.selenium.support.events.EventFiringWebDriver.findElement (EventFiringWebDriver.java:188)
    at org.openqa.selenium.remote.server.handler.FindElement.call (FindElement.java:48)
    at org.openqa.selenium.remote.server.handler.FindElement.call (FindElement.java:33)
    at java.util.concurrent.FutureTask.run (None:-1)
    at org.openqa.selenium.remote.server.DefaultSession$1.run (DefaultSession.java:176)
    at java.util.concurrent.ThreadPoolExecutor.runWorker (None:-1)
    at java.util.concurrent.ThreadPoolExecutor$Worker.run (None:-1)
    at java.lang.Thread.run (None:-1)


        </pre>
    </div>
    <!--css div popup end-->

    </td>
</tr>

<tr id='ft1.3' class='none'>
    <td class='failCase'><div class='testcase'>test_login3: 用户名为空、密码正确</div></td>
    <td colspan='5' align='center'>

    <!--css div popup start-->
    <a class="popup_link" onfocus='this.blur();' href="javascript:showTestDetail('div_ft1.3')" >
        fail</a>

    <div id='div_ft1.3' class="popup_window">
        <div style='text-align: right; color:red;cursor:pointer'>
        <a onfocus='this.blur();' onclick="document.getElementById('div_ft1.3').style.display = 'none' " >
           [x]</a>
        </div>
        <pre>
        
ft1.3: Traceback (most recent call last):
  File "c:\Users\admin\Desktop\zzs\synch\selenium\blog_testing\testcases\test_login.py", line 35, in test_login3
    self.assertEqual(po.user_error_hint(), "用户名不能为空")
AssertionError: '请输入用户名' != '用户名不能为空'
- 请输入用户名
+ 用户名不能为空

Traceback (most recent call last):
  File "c:\Users\admin\Desktop\zzs\synch\selenium\blog_testing\testcases\test_login.py", line 35, in test_login3
    self.assertEqual(po.user_error_hint(), "用户名不能为空")
AssertionError: '请输入用户名' != '用户名不能为空'
- 请输入用户名
+ 用户名不能为空



        </pre>
    </div>
    <!--css div popup end-->

    </td>
</tr>

<tr id='ft1.4' class='none'>
    <td class='errorCase'><div class='testcase'>test_login4: 用户名与密码不匹配</div></td>
    <td colspan='5' align='center'>

    <!--css div popup start-->
    <a class="popup_link" onfocus='this.blur();' href="javascript:showTestDetail('div_ft1.4')" >
        error</a>

    <div id='div_ft1.4' class="popup_window">
        <div style='text-align: right; color:red;cursor:pointer'>
        <a onfocus='this.blur();' onclick="document.getElementById('div_ft1.4').style.display = 'none' " >
           [x]</a>
        </div>
        <pre>
        
ft1.4: Traceback (most recent call last):
  File "c:\Users\admin\Desktop\zzs\synch\selenium\blog_testing\testcases\test_login.py", line 44, in test_login4
    self.assertEqual(po.pawd_error_hint(), "密码与账号不匹配")
  File "c:\Users\admin\Desktop\zzs\synch\selenium\blog_testing\testcases\page_object\loginPage.py", line 51, in pawd_error_hint
    return self.find_element(*self.pawd_error_hint_loc).text
  File "c:\Users\admin\Desktop\zzs\synch\selenium\blog_testing\testcases\page_object\base.py", line 17, in find_element
    return self.driver.find_element(*loc)
  File "C:\Users\admin\AppData\Local\Programs\Python\Python36-32\lib\site-packages\selenium\webdriver\remote\webdriver.py", line 784, in find_element
    'value': value})['value']
  File "C:\Users\admin\AppData\Local\Programs\Python\Python36-32\lib\site-packages\selenium\webdriver\remote\webdriver.py", line 249, in execute
    self.error_handler.check_response(response)
  File "C:\Users\admin\AppData\Local\Programs\Python\Python36-32\lib\site-packages\selenium\webdriver\remote\errorhandler.py", line 194, in check_response
    raise exception_class(message, screen, stacktrace)
selenium.common.exceptions.NoSuchElementException: Message: no such element: Unable to locate element: {"method":"xpath","selector":"/html/body/div[1]/ul/li[2]"}
  (Session info: chrome=59.0.3071.115)
  (Driver info: chromedriver=2.29.461591 (62ebf098771772160f391d75e589dc567915b233),platform=Windows NT 10.0.15063 x86_64) (WARNING: The server did not provide any stacktrace information)
Command duration or timeout: 10.02 seconds
For documentation on this error, please visit: http://seleniumhq.org/exceptions/no_such_element.html
Build info: version: '3.4.0', revision: 'unknown', time: 'unknown'
System info: host: 'LAPTOP-4DQKL4BC', ip: '192.168.52.13', os.name: 'Windows 10', os.arch: 'x86', os.version: '10.0', java.version: '1.8.0_131'
Driver info: org.openqa.selenium.chrome.ChromeDriver
Capabilities [{applicationCacheEnabled=false, rotatable=false, mobileEmulationEnabled=false, networkConnectionEnabled=false, chrome={chromedriverVersion=2.29.461591 (62ebf098771772160f391d75e589dc567915b233), userDataDir=C:\Users\admin\AppData\Local\Temp\scoped_dir10356_24381}, takesHeapSnapshot=true, pageLoadStrategy=normal, databaseEnabled=false, handlesAlerts=true, hasTouchScreen=false, version=59.0.3071.115, platform=XP, browserConnectionEnabled=false, nativeEvents=true, acceptSslCerts=true, locationContextEnabled=true, webStorageEnabled=true, browserName=chrome, takesScreenshot=true, javascriptEnabled=true, cssSelectorsEnabled=true, unexpectedAlertBehaviour=}]
Session ID: 1a8156e53f4e7efae24e032eb226a1cc
*** Element info: {Using=xpath, value=/html/body/div[1]/ul/li[2]}
Screenshot: available via screen
Stacktrace:
    at sun.reflect.NativeConstructorAccessorImpl.newInstance0 (None:-2)
    at sun.reflect.NativeConstructorAccessorImpl.newInstance (None:-1)
    at sun.reflect.DelegatingConstructorAccessorImpl.newInstance (None:-1)
    at java.lang.reflect.Constructor.newInstance (None:-1)
    at org.openqa.selenium.remote.ErrorHandler.createThrowable (ErrorHandler.java:215)
    at org.openqa.selenium.remote.ErrorHandler.throwIfResponseFailed (ErrorHandler.java:167)
    at org.openqa.selenium.remote.RemoteWebDriver.execute (RemoteWebDriver.java:671)
    at org.openqa.selenium.remote.RemoteWebDriver.findElement (RemoteWebDriver.java:410)
    at org.openqa.selenium.remote.RemoteWebDriver.findElementByXPath (RemoteWebDriver.java:509)
    at org.openqa.selenium.By$ByXPath.findElement (By.java:361)
    at org.openqa.selenium.remote.RemoteWebDriver.findElement (RemoteWebDriver.java:402)
    at sun.reflect.NativeMethodAccessorImpl.invoke0 (None:-2)
    at sun.reflect.NativeMethodAccessorImpl.invoke (None:-1)
    at sun.reflect.DelegatingMethodAccessorImpl.invoke (None:-1)
    at java.lang.reflect.Method.invoke (None:-1)
    at org.openqa.selenium.support.events.EventFiringWebDriver$2.invoke (EventFiringWebDriver.java:104)
    at com.sun.proxy.$Proxy6.findElement (None:-1)
    at org.openqa.selenium.support.events.EventFiringWebDriver.findElement (EventFiringWebDriver.java:188)
    at org.openqa.selenium.remote.server.handler.FindElement.call (FindElement.java:48)
    at org.openqa.selenium.remote.server.handler.FindElement.call (FindElement.java:33)
    at java.util.concurrent.FutureTask.run (None:-1)
    at org.openqa.selenium.remote.server.DefaultSession$1.run (DefaultSession.java:176)
    at java.util.concurrent.ThreadPoolExecutor.runWorker (None:-1)
    at java.util.concurrent.ThreadPoolExecutor$Worker.run (None:-1)
    at java.lang.Thread.run (None:-1)
Traceback (most recent call last):
  File "c:\Users\admin\Desktop\zzs\synch\selenium\blog_testing\testcases\test_login.py", line 44, in test_login4
    self.assertEqual(po.pawd_error_hint(), "密码与账号不匹配")
  File "c:\Users\admin\Desktop\zzs\synch\selenium\blog_testing\testcases\page_object\loginPage.py", line 51, in pawd_error_hint
    return self.find_element(*self.pawd_error_hint_loc).text
  File "c:\Users\admin\Desktop\zzs\synch\selenium\blog_testing\testcases\page_object\base.py", line 17, in find_element
    return self.driver.find_element(*loc)
  File "C:\Users\admin\AppData\Local\Programs\Python\Python36-32\lib\site-packages\selenium\webdriver\remote\webdriver.py", line 784, in find_element
    'value': value})['value']
  File "C:\Users\admin\AppData\Local\Programs\Python\Python36-32\lib\site-packages\selenium\webdriver\remote\webdriver.py", line 249, in execute
    self.error_handler.check_response(response)
  File "C:\Users\admin\AppData\Local\Programs\Python\Python36-32\lib\site-packages\selenium\webdriver\remote\errorhandler.py", line 194, in check_response
    raise exception_class(message, screen, stacktrace)
selenium.common.exceptions.NoSuchElementException: Message: no such element: Unable to locate element: {"method":"xpath","selector":"/html/body/div[1]/ul/li[2]"}
  (Session info: chrome=59.0.3071.115)
  (Driver info: chromedriver=2.29.461591 (62ebf098771772160f391d75e589dc567915b233),platform=Windows NT 10.0.15063 x86_64) (WARNING: The server did not provide any stacktrace information)
Command duration or timeout: 10.02 seconds
For documentation on this error, please visit: http://seleniumhq.org/exceptions/no_such_element.html
Build info: version: '3.4.0', revision: 'unknown', time: 'unknown'
System info: host: 'LAPTOP-4DQKL4BC', ip: '192.168.52.13', os.name: 'Windows 10', os.arch: 'x86', os.version: '10.0', java.version: '1.8.0_131'
Driver info: org.openqa.selenium.chrome.ChromeDriver
Capabilities [{applicationCacheEnabled=false, rotatable=false, mobileEmulationEnabled=false, networkConnectionEnabled=false, chrome={chromedriverVersion=2.29.461591 (62ebf098771772160f391d75e589dc567915b233), userDataDir=C:\Users\admin\AppData\Local\Temp\scoped_dir10356_24381}, takesHeapSnapshot=true, pageLoadStrategy=normal, databaseEnabled=false, handlesAlerts=true, hasTouchScreen=false, version=59.0.3071.115, platform=XP, browserConnectionEnabled=false, nativeEvents=true, acceptSslCerts=true, locationContextEnabled=true, webStorageEnabled=true, browserName=chrome, takesScreenshot=true, javascriptEnabled=true, cssSelectorsEnabled=true, unexpectedAlertBehaviour=}]
Session ID: 1a8156e53f4e7efae24e032eb226a1cc
*** Element info: {Using=xpath, value=/html/body/div[1]/ul/li[2]}
Screenshot: available via screen
Stacktrace:
    at sun.reflect.NativeConstructorAccessorImpl.newInstance0 (None:-2)
    at sun.reflect.NativeConstructorAccessorImpl.newInstance (None:-1)
    at sun.reflect.DelegatingConstructorAccessorImpl.newInstance (None:-1)
    at java.lang.reflect.Constructor.newInstance (None:-1)
    at org.openqa.selenium.remote.ErrorHandler.createThrowable (ErrorHandler.java:215)
    at org.openqa.selenium.remote.ErrorHandler.throwIfResponseFailed (ErrorHandler.java:167)
    at org.openqa.selenium.remote.RemoteWebDriver.execute (RemoteWebDriver.java:671)
    at org.openqa.selenium.remote.RemoteWebDriver.findElement (RemoteWebDriver.java:410)
    at org.openqa.selenium.remote.RemoteWebDriver.findElementByXPath (RemoteWebDriver.java:509)
    at org.openqa.selenium.By$ByXPath.findElement (By.java:361)
    at org.openqa.selenium.remote.RemoteWebDriver.findElement (RemoteWebDriver.java:402)
    at sun.reflect.NativeMethodAccessorImpl.invoke0 (None:-2)
    at sun.reflect.NativeMethodAccessorImpl.invoke (None:-1)
    at sun.reflect.DelegatingMethodAccessorImpl.invoke (None:-1)
    at java.lang.reflect.Method.invoke (None:-1)
    at org.openqa.selenium.support.events.EventFiringWebDriver$2.invoke (EventFiringWebDriver.java:104)
    at com.sun.proxy.$Proxy6.findElement (None:-1)
    at org.openqa.selenium.support.events.EventFiringWebDriver.findElement (EventFiringWebDriver.java:188)
    at org.openqa.selenium.remote.server.handler.FindElement.call (FindElement.java:48)
    at org.openqa.selenium.remote.server.handler.FindElement.call (FindElement.java:33)
    at java.util.concurrent.FutureTask.run (None:-1)
    at org.openqa.selenium.remote.server.DefaultSession$1.run (DefaultSession.java:176)
    at java.util.concurrent.ThreadPoolExecutor.runWorker (None:-1)
    at java.util.concurrent.ThreadPoolExecutor$Worker.run (None:-1)
    at java.lang.Thread.run (None:-1)


        </pre>
    </div>
    <!--css div popup end-->

    </td>
</tr>

<tr id='total_row'>
    <td>Total</td>
    <td>4</td>
    <td>0</td>
    <td>2</td>
    <td>2</td>
    <td>&nbsp;</td>
</tr>
</table>

<div id='ending'>&nbsp;</div>

</body>
</html>
