<?xml version="1.0" encoding="UTF-8"?>
<!DOCTYPE html PUBLIC "-//W3C//DTD XHTML 1.0 Strict//EN" "http://www.w3.org/TR/xhtml1/DTD/xhtml1-strict.dtd">
<html xmlns="http://www.w3.org/1999/xhtml">
<head>
    <title>测试报告</title>
    <meta name="generator" content="HTMLTestRunner 0.8.2"/>
    <meta http-equiv="Content-Type" content="text/html; charset=UTF-8"/>
    
<style type="text/css" media="screen">
body        { font-family: verdana, arial, helvetica, sans-serif; font-size: 80%; }
table       { font-size: 100%; }
pre         { }

/* -- heading ---------------------------------------------------------------------- */
h1 {
	font-size: 16pt;
	color: gray;
}
.heading {
    margin-top: 0ex;
    margin-bottom: 1ex;
}

.heading .attribute {
    margin-top: 1ex;
    margin-bottom: 0;
}

.heading .description {
    margin-top: 4ex;
    margin-bottom: 6ex;
}

/* -- css div popup ------------------------------------------------------------------------ */
a.popup_link {
}

a.popup_link:hover {
    color: red;
}

.popup_window {
    display: none;
    position: relative;
    left: 0px;
    top: 0px;
    /*border: solid #627173 1px; */
    padding: 10px;
    background-color: #E6E6D6;
    font-family: "Lucida Console", "Courier New", Courier, monospace;
    text-align: left;
    font-size: 8pt;
    width: 500px;
}

}
/* -- report ------------------------------------------------------------------------ */
#show_detail_line {
    margin-top: 3ex;
    margin-bottom: 1ex;
}
#result_table {
    width: 80%;
    border-collapse: collapse;
    border: 1px solid #777;
}
#header_row {
    font-weight: bold;
    color: white;
    background-color: #777;
}
#result_table td {
    border: 1px solid #777;
    padding: 2px;
}
#total_row  { font-weight: bold; }
.passClass  { background-color: #6c6; }
.failClass  { background-color: #c60; }
.errorClass { background-color: #c00; }
.passCase   { color: #6c6; }
.failCase   { color: #c60; font-weight: bold; }
.errorCase  { color: #c00; font-weight: bold; }
.hiddenRow  { display: none; }
.testcase   { margin-left: 2em; }


/* -- ending ---------------------------------------------------------------------- */
#ending {
}

</style>

</head>
<body>
<script language="javascript" type="text/javascript"><!--
output_list = Array();

/* level - 0:Summary; 1:Failed; 2:All */
function showCase(level) {
    trs = document.getElementsByTagName("tr");
    for (var i = 0; i < trs.length; i++) {
        tr = trs[i];
        id = tr.id;
        if (id.substr(0,2) == 'ft') {
            if (level < 1) {
                tr.className = 'hiddenRow';
            }
            else {
                tr.className = '';
            }
        }
        if (id.substr(0,2) == 'pt') {
            if (level > 1) {
                tr.className = '';
            }
            else {
                tr.className = 'hiddenRow';
            }
        }
    }
}


function showClassDetail(cid, count) {
    var id_list = Array(count);
    var toHide = 1;
    for (var i = 0; i < count; i++) {
        tid0 = 't' + cid.substr(1) + '.' + (i+1);
        tid = 'f' + tid0;
        tr = document.getElementById(tid);
        if (!tr) {
            tid = 'p' + tid0;
            tr = document.getElementById(tid);
        }
        id_list[i] = tid;
        if (tr.className) {
            toHide = 0;
        }
    }
    for (var i = 0; i < count; i++) {
        tid = id_list[i];
        if (toHide) {
            document.getElementById('div_'+tid).style.display = 'none'
            document.getElementById(tid).className = 'hiddenRow';
        }
        else {
            document.getElementById(tid).className = '';
        }
    }
}


function showTestDetail(div_id){
    var details_div = document.getElementById(div_id)
    var displayState = details_div.style.display
    // alert(displayState)
    if (displayState != 'block' ) {
        displayState = 'block'
        details_div.style.display = 'block'
    }
    else {
        details_div.style.display = 'none'
    }
}


function html_escape(s) {
    s = s.replace(/&/g,'&amp;');
    s = s.replace(/</g,'&lt;');
    s = s.replace(/>/g,'&gt;');
    return s;
}

/* obsoleted by detail in <div>
function showOutput(id, name) {
    var w = window.open("", //url
                    name,
                    "resizable,scrollbars,status,width=800,height=450");
    d = w.document;
    d.write("<pre>");
    d.write(html_escape(output_list[id]));
    d.write("\n");
    d.write("<a href='javascript:window.close()'>close</a>\n");
    d.write("</pre>\n");
    d.close();
}
*/
--></script>

<div class='heading'>
<h1>测试报告</h1>
<p class='attribute'><strong>Start Time:</strong> 2017-08-04 22:31:07</p>
<p class='attribute'><strong>Duration:</strong> 0:00:11.358110</p>
<p class='attribute'><strong>Status:</strong> Error 4</p>

<p class='description'>用例执行情况</p>
</div>



<p id='show_detail_line'>Show
<a href='javascript:showCase(0)'>Summary</a>
<a href='javascript:showCase(1)'>Failed</a>
<a href='javascript:showCase(2)'>All</a>
</p>
<table id='result_table'>
<colgroup>
<col align='left' />
<col align='right' />
<col align='right' />
<col align='right' />
<col align='right' />
<col align='right' />
</colgroup>
<tr id='header_row'>
    <td>Test Group/Test case</td>
    <td>Count</td>
    <td>Pass</td>
    <td>Fail</td>
    <td>Error</td>
    <td>View</td>
</tr>

<tr class='errorClass'>
    <td>test_login.loginTest: 登陆测试</td>
    <td>4</td>
    <td>0</td>
    <td>0</td>
    <td>4</td>
    <td><a href="javascript:showClassDetail('c1',4)">Detail</a></td>
</tr>

<tr id='ft1.1' class='none'>
    <td class='errorCase'><div class='testcase'>test_login1: 用户名、密码为空</div></td>
    <td colspan='5' align='center'>

    <!--css div popup start-->
    <a class="popup_link" onfocus='this.blur();' href="javascript:showTestDetail('div_ft1.1')" >
        error</a>

    <div id='div_ft1.1' class="popup_window">
        <div style='text-align: right; color:red;cursor:pointer'>
        <a onfocus='this.blur();' onclick="document.getElementById('div_ft1.1').style.display = 'none' " >
           [x]</a>
        </div>
        <pre>
        
ft1.1: Traceback (most recent call last):
  File "d:\Synch\selenium\blog_testing\testcases\models\myunit.py", line 12, in setUp
    self.driver.maximize_window()
  File "C:\Users\xianm\AppData\Local\Programs\Python\Python36-32\lib\site-packages\selenium\webdriver\remote\webdriver.py", line 588, in maximize_window
    self.execute(command, {"windowHandle": "current"})
  File "C:\Users\xianm\AppData\Local\Programs\Python\Python36-32\lib\site-packages\selenium\webdriver\remote\webdriver.py", line 256, in execute
    self.error_handler.check_response(response)
  File "C:\Users\xianm\AppData\Local\Programs\Python\Python36-32\lib\site-packages\selenium\webdriver\remote\errorhandler.py", line 194, in check_response
    raise exception_class(message, screen, stacktrace)
selenium.common.exceptions.WebDriverException: Message: Failed to find width field
Build info: version: '3.4.0', revision: 'unknown', time: 'unknown'
System info: host: 'WIN-TNVV8H1CP1L', ip: '192.168.254.129', os.name: 'Windows 7', os.arch: 'x86', os.version: '6.1', java.version: '1.8.0_144'
Driver info: org.openqa.selenium.firefox.FirefoxDriver
Capabilities [{moz:profile=C:\Users\HOHO\AppData\Local\Temp\rust_mozprofile.7nj4vJWz87ed, rotatable=false, timeouts={implicit=0.0, pageLoad=300000.0, script=30000.0}, pageLoadStrategy=normal, platform=ANY, specificationLevel=0.0, moz:accessibilityChecks=false, acceptInsecureCerts=false, browserVersion=54.0.1, platformVersion=6.1, moz:processID=3412.0, browserName=firefox, javascriptEnabled=true, platformName=windows_nt}]
Session ID: 744f5ad9-48a8-4991-a519-adeac3787f9b
Stacktrace:
    at sun.reflect.NativeConstructorAccessorImpl.newInstance0 (None:-2)
    at sun.reflect.NativeConstructorAccessorImpl.newInstance (None:-1)
    at sun.reflect.DelegatingConstructorAccessorImpl.newInstance (None:-1)
    at java.lang.reflect.Constructor.newInstance (None:-1)
    at org.openqa.selenium.remote.http.W3CHttpResponseCodec.createException (W3CHttpResponseCodec.java:150)
    at org.openqa.selenium.remote.http.W3CHttpResponseCodec.decode (W3CHttpResponseCodec.java:115)
    at org.openqa.selenium.remote.http.W3CHttpResponseCodec.decode (W3CHttpResponseCodec.java:45)
    at org.openqa.selenium.remote.HttpCommandExecutor.execute (HttpCommandExecutor.java:164)
    at org.openqa.selenium.remote.service.DriverCommandExecutor.execute (DriverCommandExecutor.java:82)
    at org.openqa.selenium.remote.RemoteWebDriver.execute (RemoteWebDriver.java:637)
    at org.openqa.selenium.remote.RemoteWebDriver.execute (RemoteWebDriver.java:694)
    at org.openqa.selenium.remote.RemoteWebDriver$RemoteWebDriverOptions$RemoteWindow.maximize (RemoteWebDriver.java:925)
    at org.openqa.selenium.support.events.EventFiringWebDriver$EventFiringWindow.maximize (EventFiringWebDriver.java:641)
    at org.openqa.selenium.remote.server.handler.MaximizeWindow.call (MaximizeWindow.java:30)
    at org.openqa.selenium.remote.server.handler.MaximizeWindow.call (MaximizeWindow.java:22)
    at java.util.concurrent.FutureTask.run (None:-1)
    at org.openqa.selenium.remote.server.DefaultSession$1.run (DefaultSession.java:176)
    at java.util.concurrent.ThreadPoolExecutor.runWorker (None:-1)
    at java.util.concurrent.ThreadPoolExecutor$Worker.run (None:-1)
    at java.lang.Thread.run (None:-1)
Traceback (most recent call last):
  File "d:\Synch\selenium\blog_testing\testcases\models\myunit.py", line 12, in setUp
    self.driver.maximize_window()
  File "C:\Users\xianm\AppData\Local\Programs\Python\Python36-32\lib\site-packages\selenium\webdriver\remote\webdriver.py", line 588, in maximize_window
    self.execute(command, {"windowHandle": "current"})
  File "C:\Users\xianm\AppData\Local\Programs\Python\Python36-32\lib\site-packages\selenium\webdriver\remote\webdriver.py", line 256, in execute
    self.error_handler.check_response(response)
  File "C:\Users\xianm\AppData\Local\Programs\Python\Python36-32\lib\site-packages\selenium\webdriver\remote\errorhandler.py", line 194, in check_response
    raise exception_class(message, screen, stacktrace)
selenium.common.exceptions.WebDriverException: Message: Failed to find width field
Build info: version: '3.4.0', revision: 'unknown', time: 'unknown'
System info: host: 'WIN-TNVV8H1CP1L', ip: '192.168.254.129', os.name: 'Windows 7', os.arch: 'x86', os.version: '6.1', java.version: '1.8.0_144'
Driver info: org.openqa.selenium.firefox.FirefoxDriver
Capabilities [{moz:profile=C:\Users\HOHO\AppData\Local\Temp\rust_mozprofile.7nj4vJWz87ed, rotatable=false, timeouts={implicit=0.0, pageLoad=300000.0, script=30000.0}, pageLoadStrategy=normal, platform=ANY, specificationLevel=0.0, moz:accessibilityChecks=false, acceptInsecureCerts=false, browserVersion=54.0.1, platformVersion=6.1, moz:processID=3412.0, browserName=firefox, javascriptEnabled=true, platformName=windows_nt}]
Session ID: 744f5ad9-48a8-4991-a519-adeac3787f9b
Stacktrace:
    at sun.reflect.NativeConstructorAccessorImpl.newInstance0 (None:-2)
    at sun.reflect.NativeConstructorAccessorImpl.newInstance (None:-1)
    at sun.reflect.DelegatingConstructorAccessorImpl.newInstance (None:-1)
    at java.lang.reflect.Constructor.newInstance (None:-1)
    at org.openqa.selenium.remote.http.W3CHttpResponseCodec.createException (W3CHttpResponseCodec.java:150)
    at org.openqa.selenium.remote.http.W3CHttpResponseCodec.decode (W3CHttpResponseCodec.java:115)
    at org.openqa.selenium.remote.http.W3CHttpResponseCodec.decode (W3CHttpResponseCodec.java:45)
    at org.openqa.selenium.remote.HttpCommandExecutor.execute (HttpCommandExecutor.java:164)
    at org.openqa.selenium.remote.service.DriverCommandExecutor.execute (DriverCommandExecutor.java:82)
    at org.openqa.selenium.remote.RemoteWebDriver.execute (RemoteWebDriver.java:637)
    at org.openqa.selenium.remote.RemoteWebDriver.execute (RemoteWebDriver.java:694)
    at org.openqa.selenium.remote.RemoteWebDriver$RemoteWebDriverOptions$RemoteWindow.maximize (RemoteWebDriver.java:925)
    at org.openqa.selenium.support.events.EventFiringWebDriver$EventFiringWindow.maximize (EventFiringWebDriver.java:641)
    at org.openqa.selenium.remote.server.handler.MaximizeWindow.call (MaximizeWindow.java:30)
    at org.openqa.selenium.remote.server.handler.MaximizeWindow.call (MaximizeWindow.java:22)
    at java.util.concurrent.FutureTask.run (None:-1)
    at org.openqa.selenium.remote.server.DefaultSession$1.run (DefaultSession.java:176)
    at java.util.concurrent.ThreadPoolExecutor.runWorker (None:-1)
    at java.util.concurrent.ThreadPoolExecutor$Worker.run (None:-1)
    at java.lang.Thread.run (None:-1)


        </pre>
    </div>
    <!--css div popup end-->

    </td>
</tr>

<tr id='ft1.2' class='none'>
    <td class='errorCase'><div class='testcase'>test_login2: 用户名正确、密码为空</div></td>
    <td colspan='5' align='center'>

    <!--css div popup start-->
    <a class="popup_link" onfocus='this.blur();' href="javascript:showTestDetail('div_ft1.2')" >
        error</a>

    <div id='div_ft1.2' class="popup_window">
        <div style='text-align: right; color:red;cursor:pointer'>
        <a onfocus='this.blur();' onclick="document.getElementById('div_ft1.2').style.display = 'none' " >
           [x]</a>
        </div>
        <pre>
        
ft1.2: Traceback (most recent call last):
  File "d:\Synch\selenium\blog_testing\testcases\models\myunit.py", line 12, in setUp
    self.driver.maximize_window()
  File "C:\Users\xianm\AppData\Local\Programs\Python\Python36-32\lib\site-packages\selenium\webdriver\remote\webdriver.py", line 588, in maximize_window
    self.execute(command, {"windowHandle": "current"})
  File "C:\Users\xianm\AppData\Local\Programs\Python\Python36-32\lib\site-packages\selenium\webdriver\remote\webdriver.py", line 256, in execute
    self.error_handler.check_response(response)
  File "C:\Users\xianm\AppData\Local\Programs\Python\Python36-32\lib\site-packages\selenium\webdriver\remote\errorhandler.py", line 194, in check_response
    raise exception_class(message, screen, stacktrace)
selenium.common.exceptions.WebDriverException: Message: Failed to find width field
Build info: version: '3.4.0', revision: 'unknown', time: 'unknown'
System info: host: 'WIN-TNVV8H1CP1L', ip: '192.168.254.129', os.name: 'Windows 7', os.arch: 'x86', os.version: '6.1', java.version: '1.8.0_144'
Driver info: org.openqa.selenium.firefox.FirefoxDriver
Capabilities [{moz:profile=C:\Users\HOHO\AppData\Local\Temp\rust_mozprofile.JNWPLadPrT54, rotatable=false, timeouts={implicit=0.0, pageLoad=300000.0, script=30000.0}, pageLoadStrategy=normal, platform=ANY, specificationLevel=0.0, moz:accessibilityChecks=false, acceptInsecureCerts=false, browserVersion=54.0.1, platformVersion=6.1, moz:processID=1004.0, browserName=firefox, javascriptEnabled=true, platformName=windows_nt}]
Session ID: 915a87a7-500f-476f-b100-091592ade41a
Stacktrace:
    at sun.reflect.NativeConstructorAccessorImpl.newInstance0 (None:-2)
    at sun.reflect.NativeConstructorAccessorImpl.newInstance (None:-1)
    at sun.reflect.DelegatingConstructorAccessorImpl.newInstance (None:-1)
    at java.lang.reflect.Constructor.newInstance (None:-1)
    at org.openqa.selenium.remote.http.W3CHttpResponseCodec.createException (W3CHttpResponseCodec.java:150)
    at org.openqa.selenium.remote.http.W3CHttpResponseCodec.decode (W3CHttpResponseCodec.java:115)
    at org.openqa.selenium.remote.http.W3CHttpResponseCodec.decode (W3CHttpResponseCodec.java:45)
    at org.openqa.selenium.remote.HttpCommandExecutor.execute (HttpCommandExecutor.java:164)
    at org.openqa.selenium.remote.service.DriverCommandExecutor.execute (DriverCommandExecutor.java:82)
    at org.openqa.selenium.remote.RemoteWebDriver.execute (RemoteWebDriver.java:637)
    at org.openqa.selenium.remote.RemoteWebDriver.execute (RemoteWebDriver.java:694)
    at org.openqa.selenium.remote.RemoteWebDriver$RemoteWebDriverOptions$RemoteWindow.maximize (RemoteWebDriver.java:925)
    at org.openqa.selenium.support.events.EventFiringWebDriver$EventFiringWindow.maximize (EventFiringWebDriver.java:641)
    at org.openqa.selenium.remote.server.handler.MaximizeWindow.call (MaximizeWindow.java:30)
    at org.openqa.selenium.remote.server.handler.MaximizeWindow.call (MaximizeWindow.java:22)
    at java.util.concurrent.FutureTask.run (None:-1)
    at org.openqa.selenium.remote.server.DefaultSession$1.run (DefaultSession.java:176)
    at java.util.concurrent.ThreadPoolExecutor.runWorker (None:-1)
    at java.util.concurrent.ThreadPoolExecutor$Worker.run (None:-1)
    at java.lang.Thread.run (None:-1)
Traceback (most recent call last):
  File "d:\Synch\selenium\blog_testing\testcases\models\myunit.py", line 12, in setUp
    self.driver.maximize_window()
  File "C:\Users\xianm\AppData\Local\Programs\Python\Python36-32\lib\site-packages\selenium\webdriver\remote\webdriver.py", line 588, in maximize_window
    self.execute(command, {"windowHandle": "current"})
  File "C:\Users\xianm\AppData\Local\Programs\Python\Python36-32\lib\site-packages\selenium\webdriver\remote\webdriver.py", line 256, in execute
    self.error_handler.check_response(response)
  File "C:\Users\xianm\AppData\Local\Programs\Python\Python36-32\lib\site-packages\selenium\webdriver\remote\errorhandler.py", line 194, in check_response
    raise exception_class(message, screen, stacktrace)
selenium.common.exceptions.WebDriverException: Message: Failed to find width field
Build info: version: '3.4.0', revision: 'unknown', time: 'unknown'
System info: host: 'WIN-TNVV8H1CP1L', ip: '192.168.254.129', os.name: 'Windows 7', os.arch: 'x86', os.version: '6.1', java.version: '1.8.0_144'
Driver info: org.openqa.selenium.firefox.FirefoxDriver
Capabilities [{moz:profile=C:\Users\HOHO\AppData\Local\Temp\rust_mozprofile.JNWPLadPrT54, rotatable=false, timeouts={implicit=0.0, pageLoad=300000.0, script=30000.0}, pageLoadStrategy=normal, platform=ANY, specificationLevel=0.0, moz:accessibilityChecks=false, acceptInsecureCerts=false, browserVersion=54.0.1, platformVersion=6.1, moz:processID=1004.0, browserName=firefox, javascriptEnabled=true, platformName=windows_nt}]
Session ID: 915a87a7-500f-476f-b100-091592ade41a
Stacktrace:
    at sun.reflect.NativeConstructorAccessorImpl.newInstance0 (None:-2)
    at sun.reflect.NativeConstructorAccessorImpl.newInstance (None:-1)
    at sun.reflect.DelegatingConstructorAccessorImpl.newInstance (None:-1)
    at java.lang.reflect.Constructor.newInstance (None:-1)
    at org.openqa.selenium.remote.http.W3CHttpResponseCodec.createException (W3CHttpResponseCodec.java:150)
    at org.openqa.selenium.remote.http.W3CHttpResponseCodec.decode (W3CHttpResponseCodec.java:115)
    at org.openqa.selenium.remote.http.W3CHttpResponseCodec.decode (W3CHttpResponseCodec.java:45)
    at org.openqa.selenium.remote.HttpCommandExecutor.execute (HttpCommandExecutor.java:164)
    at org.openqa.selenium.remote.service.DriverCommandExecutor.execute (DriverCommandExecutor.java:82)
    at org.openqa.selenium.remote.RemoteWebDriver.execute (RemoteWebDriver.java:637)
    at org.openqa.selenium.remote.RemoteWebDriver.execute (RemoteWebDriver.java:694)
    at org.openqa.selenium.remote.RemoteWebDriver$RemoteWebDriverOptions$RemoteWindow.maximize (RemoteWebDriver.java:925)
    at org.openqa.selenium.support.events.EventFiringWebDriver$EventFiringWindow.maximize (EventFiringWebDriver.java:641)
    at org.openqa.selenium.remote.server.handler.MaximizeWindow.call (MaximizeWindow.java:30)
    at org.openqa.selenium.remote.server.handler.MaximizeWindow.call (MaximizeWindow.java:22)
    at java.util.concurrent.FutureTask.run (None:-1)
    at org.openqa.selenium.remote.server.DefaultSession$1.run (DefaultSession.java:176)
    at java.util.concurrent.ThreadPoolExecutor.runWorker (None:-1)
    at java.util.concurrent.ThreadPoolExecutor$Worker.run (None:-1)
    at java.lang.Thread.run (None:-1)


        </pre>
    </div>
    <!--css div popup end-->

    </td>
</tr>

<tr id='ft1.3' class='none'>
    <td class='errorCase'><div class='testcase'>test_login3: 用户名为空、密码正确</div></td>
    <td colspan='5' align='center'>

    <!--css div popup start-->
    <a class="popup_link" onfocus='this.blur();' href="javascript:showTestDetail('div_ft1.3')" >
        error</a>

    <div id='div_ft1.3' class="popup_window">
        <div style='text-align: right; color:red;cursor:pointer'>
        <a onfocus='this.blur();' onclick="document.getElementById('div_ft1.3').style.display = 'none' " >
           [x]</a>
        </div>
        <pre>
        
ft1.3: Traceback (most recent call last):
  File "d:\Synch\selenium\blog_testing\testcases\models\myunit.py", line 12, in setUp
    self.driver.maximize_window()
  File "C:\Users\xianm\AppData\Local\Programs\Python\Python36-32\lib\site-packages\selenium\webdriver\remote\webdriver.py", line 588, in maximize_window
    self.execute(command, {"windowHandle": "current"})
  File "C:\Users\xianm\AppData\Local\Programs\Python\Python36-32\lib\site-packages\selenium\webdriver\remote\webdriver.py", line 256, in execute
    self.error_handler.check_response(response)
  File "C:\Users\xianm\AppData\Local\Programs\Python\Python36-32\lib\site-packages\selenium\webdriver\remote\errorhandler.py", line 194, in check_response
    raise exception_class(message, screen, stacktrace)
selenium.common.exceptions.WebDriverException: Message: Failed to find width field
Build info: version: '3.4.0', revision: 'unknown', time: 'unknown'
System info: host: 'WIN-TNVV8H1CP1L', ip: '192.168.254.129', os.name: 'Windows 7', os.arch: 'x86', os.version: '6.1', java.version: '1.8.0_144'
Driver info: org.openqa.selenium.firefox.FirefoxDriver
Capabilities [{moz:profile=C:\Users\HOHO\AppData\Local\Temp\rust_mozprofile.r3evXReQUB12, rotatable=false, timeouts={implicit=0.0, pageLoad=300000.0, script=30000.0}, pageLoadStrategy=normal, platform=ANY, specificationLevel=0.0, moz:accessibilityChecks=false, acceptInsecureCerts=false, browserVersion=54.0.1, platformVersion=6.1, moz:processID=2972.0, browserName=firefox, javascriptEnabled=true, platformName=windows_nt}]
Session ID: c75f92f1-2f11-4555-9691-fe81bea1b31d
Stacktrace:
    at sun.reflect.NativeConstructorAccessorImpl.newInstance0 (None:-2)
    at sun.reflect.NativeConstructorAccessorImpl.newInstance (None:-1)
    at sun.reflect.DelegatingConstructorAccessorImpl.newInstance (None:-1)
    at java.lang.reflect.Constructor.newInstance (None:-1)
    at org.openqa.selenium.remote.http.W3CHttpResponseCodec.createException (W3CHttpResponseCodec.java:150)
    at org.openqa.selenium.remote.http.W3CHttpResponseCodec.decode (W3CHttpResponseCodec.java:115)
    at org.openqa.selenium.remote.http.W3CHttpResponseCodec.decode (W3CHttpResponseCodec.java:45)
    at org.openqa.selenium.remote.HttpCommandExecutor.execute (HttpCommandExecutor.java:164)
    at org.openqa.selenium.remote.service.DriverCommandExecutor.execute (DriverCommandExecutor.java:82)
    at org.openqa.selenium.remote.RemoteWebDriver.execute (RemoteWebDriver.java:637)
    at org.openqa.selenium.remote.RemoteWebDriver.execute (RemoteWebDriver.java:694)
    at org.openqa.selenium.remote.RemoteWebDriver$RemoteWebDriverOptions$RemoteWindow.maximize (RemoteWebDriver.java:925)
    at org.openqa.selenium.support.events.EventFiringWebDriver$EventFiringWindow.maximize (EventFiringWebDriver.java:641)
    at org.openqa.selenium.remote.server.handler.MaximizeWindow.call (MaximizeWindow.java:30)
    at org.openqa.selenium.remote.server.handler.MaximizeWindow.call (MaximizeWindow.java:22)
    at java.util.concurrent.FutureTask.run (None:-1)
    at org.openqa.selenium.remote.server.DefaultSession$1.run (DefaultSession.java:176)
    at java.util.concurrent.ThreadPoolExecutor.runWorker (None:-1)
    at java.util.concurrent.ThreadPoolExecutor$Worker.run (None:-1)
    at java.lang.Thread.run (None:-1)
Traceback (most recent call last):
  File "d:\Synch\selenium\blog_testing\testcases\models\myunit.py", line 12, in setUp
    self.driver.maximize_window()
  File "C:\Users\xianm\AppData\Local\Programs\Python\Python36-32\lib\site-packages\selenium\webdriver\remote\webdriver.py", line 588, in maximize_window
    self.execute(command, {"windowHandle": "current"})
  File "C:\Users\xianm\AppData\Local\Programs\Python\Python36-32\lib\site-packages\selenium\webdriver\remote\webdriver.py", line 256, in execute
    self.error_handler.check_response(response)
  File "C:\Users\xianm\AppData\Local\Programs\Python\Python36-32\lib\site-packages\selenium\webdriver\remote\errorhandler.py", line 194, in check_response
    raise exception_class(message, screen, stacktrace)
selenium.common.exceptions.WebDriverException: Message: Failed to find width field
Build info: version: '3.4.0', revision: 'unknown', time: 'unknown'
System info: host: 'WIN-TNVV8H1CP1L', ip: '192.168.254.129', os.name: 'Windows 7', os.arch: 'x86', os.version: '6.1', java.version: '1.8.0_144'
Driver info: org.openqa.selenium.firefox.FirefoxDriver
Capabilities [{moz:profile=C:\Users\HOHO\AppData\Local\Temp\rust_mozprofile.r3evXReQUB12, rotatable=false, timeouts={implicit=0.0, pageLoad=300000.0, script=30000.0}, pageLoadStrategy=normal, platform=ANY, specificationLevel=0.0, moz:accessibilityChecks=false, acceptInsecureCerts=false, browserVersion=54.0.1, platformVersion=6.1, moz:processID=2972.0, browserName=firefox, javascriptEnabled=true, platformName=windows_nt}]
Session ID: c75f92f1-2f11-4555-9691-fe81bea1b31d
Stacktrace:
    at sun.reflect.NativeConstructorAccessorImpl.newInstance0 (None:-2)
    at sun.reflect.NativeConstructorAccessorImpl.newInstance (None:-1)
    at sun.reflect.DelegatingConstructorAccessorImpl.newInstance (None:-1)
    at java.lang.reflect.Constructor.newInstance (None:-1)
    at org.openqa.selenium.remote.http.W3CHttpResponseCodec.createException (W3CHttpResponseCodec.java:150)
    at org.openqa.selenium.remote.http.W3CHttpResponseCodec.decode (W3CHttpResponseCodec.java:115)
    at org.openqa.selenium.remote.http.W3CHttpResponseCodec.decode (W3CHttpResponseCodec.java:45)
    at org.openqa.selenium.remote.HttpCommandExecutor.execute (HttpCommandExecutor.java:164)
    at org.openqa.selenium.remote.service.DriverCommandExecutor.execute (DriverCommandExecutor.java:82)
    at org.openqa.selenium.remote.RemoteWebDriver.execute (RemoteWebDriver.java:637)
    at org.openqa.selenium.remote.RemoteWebDriver.execute (RemoteWebDriver.java:694)
    at org.openqa.selenium.remote.RemoteWebDriver$RemoteWebDriverOptions$RemoteWindow.maximize (RemoteWebDriver.java:925)
    at org.openqa.selenium.support.events.EventFiringWebDriver$EventFiringWindow.maximize (EventFiringWebDriver.java:641)
    at org.openqa.selenium.remote.server.handler.MaximizeWindow.call (MaximizeWindow.java:30)
    at org.openqa.selenium.remote.server.handler.MaximizeWindow.call (MaximizeWindow.java:22)
    at java.util.concurrent.FutureTask.run (None:-1)
    at org.openqa.selenium.remote.server.DefaultSession$1.run (DefaultSession.java:176)
    at java.util.concurrent.ThreadPoolExecutor.runWorker (None:-1)
    at java.util.concurrent.ThreadPoolExecutor$Worker.run (None:-1)
    at java.lang.Thread.run (None:-1)


        </pre>
    </div>
    <!--css div popup end-->

    </td>
</tr>

<tr id='ft1.4' class='none'>
    <td class='errorCase'><div class='testcase'>test_login4: 用户名与密码不匹配</div></td>
    <td colspan='5' align='center'>

    <!--css div popup start-->
    <a class="popup_link" onfocus='this.blur();' href="javascript:showTestDetail('div_ft1.4')" >
        error</a>

    <div id='div_ft1.4' class="popup_window">
        <div style='text-align: right; color:red;cursor:pointer'>
        <a onfocus='this.blur();' onclick="document.getElementById('div_ft1.4').style.display = 'none' " >
           [x]</a>
        </div>
        <pre>
        
ft1.4: Traceback (most recent call last):
  File "d:\Synch\selenium\blog_testing\testcases\models\myunit.py", line 12, in setUp
    self.driver.maximize_window()
  File "C:\Users\xianm\AppData\Local\Programs\Python\Python36-32\lib\site-packages\selenium\webdriver\remote\webdriver.py", line 588, in maximize_window
    self.execute(command, {"windowHandle": "current"})
  File "C:\Users\xianm\AppData\Local\Programs\Python\Python36-32\lib\site-packages\selenium\webdriver\remote\webdriver.py", line 256, in execute
    self.error_handler.check_response(response)
  File "C:\Users\xianm\AppData\Local\Programs\Python\Python36-32\lib\site-packages\selenium\webdriver\remote\errorhandler.py", line 194, in check_response
    raise exception_class(message, screen, stacktrace)
selenium.common.exceptions.WebDriverException: Message: Failed to find width field
Build info: version: '3.4.0', revision: 'unknown', time: 'unknown'
System info: host: 'WIN-TNVV8H1CP1L', ip: '192.168.254.129', os.name: 'Windows 7', os.arch: 'x86', os.version: '6.1', java.version: '1.8.0_144'
Driver info: org.openqa.selenium.firefox.FirefoxDriver
Capabilities [{moz:profile=C:\Users\HOHO\AppData\Local\Temp\rust_mozprofile.AtcoUyMdF1WE, rotatable=false, timeouts={implicit=0.0, pageLoad=300000.0, script=30000.0}, pageLoadStrategy=normal, platform=ANY, specificationLevel=0.0, moz:accessibilityChecks=false, acceptInsecureCerts=false, browserVersion=54.0.1, platformVersion=6.1, moz:processID=4032.0, browserName=firefox, javascriptEnabled=true, platformName=windows_nt}]
Session ID: 75fdf2b3-9502-400b-af4f-e113dd209494
Stacktrace:
    at sun.reflect.NativeConstructorAccessorImpl.newInstance0 (None:-2)
    at sun.reflect.NativeConstructorAccessorImpl.newInstance (None:-1)
    at sun.reflect.DelegatingConstructorAccessorImpl.newInstance (None:-1)
    at java.lang.reflect.Constructor.newInstance (None:-1)
    at org.openqa.selenium.remote.http.W3CHttpResponseCodec.createException (W3CHttpResponseCodec.java:150)
    at org.openqa.selenium.remote.http.W3CHttpResponseCodec.decode (W3CHttpResponseCodec.java:115)
    at org.openqa.selenium.remote.http.W3CHttpResponseCodec.decode (W3CHttpResponseCodec.java:45)
    at org.openqa.selenium.remote.HttpCommandExecutor.execute (HttpCommandExecutor.java:164)
    at org.openqa.selenium.remote.service.DriverCommandExecutor.execute (DriverCommandExecutor.java:82)
    at org.openqa.selenium.remote.RemoteWebDriver.execute (RemoteWebDriver.java:637)
    at org.openqa.selenium.remote.RemoteWebDriver.execute (RemoteWebDriver.java:694)
    at org.openqa.selenium.remote.RemoteWebDriver$RemoteWebDriverOptions$RemoteWindow.maximize (RemoteWebDriver.java:925)
    at org.openqa.selenium.support.events.EventFiringWebDriver$EventFiringWindow.maximize (EventFiringWebDriver.java:641)
    at org.openqa.selenium.remote.server.handler.MaximizeWindow.call (MaximizeWindow.java:30)
    at org.openqa.selenium.remote.server.handler.MaximizeWindow.call (MaximizeWindow.java:22)
    at java.util.concurrent.FutureTask.run (None:-1)
    at org.openqa.selenium.remote.server.DefaultSession$1.run (DefaultSession.java:176)
    at java.util.concurrent.ThreadPoolExecutor.runWorker (None:-1)
    at java.util.concurrent.ThreadPoolExecutor$Worker.run (None:-1)
    at java.lang.Thread.run (None:-1)
Traceback (most recent call last):
  File "d:\Synch\selenium\blog_testing\testcases\models\myunit.py", line 12, in setUp
    self.driver.maximize_window()
  File "C:\Users\xianm\AppData\Local\Programs\Python\Python36-32\lib\site-packages\selenium\webdriver\remote\webdriver.py", line 588, in maximize_window
    self.execute(command, {"windowHandle": "current"})
  File "C:\Users\xianm\AppData\Local\Programs\Python\Python36-32\lib\site-packages\selenium\webdriver\remote\webdriver.py", line 256, in execute
    self.error_handler.check_response(response)
  File "C:\Users\xianm\AppData\Local\Programs\Python\Python36-32\lib\site-packages\selenium\webdriver\remote\errorhandler.py", line 194, in check_response
    raise exception_class(message, screen, stacktrace)
selenium.common.exceptions.WebDriverException: Message: Failed to find width field
Build info: version: '3.4.0', revision: 'unknown', time: 'unknown'
System info: host: 'WIN-TNVV8H1CP1L', ip: '192.168.254.129', os.name: 'Windows 7', os.arch: 'x86', os.version: '6.1', java.version: '1.8.0_144'
Driver info: org.openqa.selenium.firefox.FirefoxDriver
Capabilities [{moz:profile=C:\Users\HOHO\AppData\Local\Temp\rust_mozprofile.AtcoUyMdF1WE, rotatable=false, timeouts={implicit=0.0, pageLoad=300000.0, script=30000.0}, pageLoadStrategy=normal, platform=ANY, specificationLevel=0.0, moz:accessibilityChecks=false, acceptInsecureCerts=false, browserVersion=54.0.1, platformVersion=6.1, moz:processID=4032.0, browserName=firefox, javascriptEnabled=true, platformName=windows_nt}]
Session ID: 75fdf2b3-9502-400b-af4f-e113dd209494
Stacktrace:
    at sun.reflect.NativeConstructorAccessorImpl.newInstance0 (None:-2)
    at sun.reflect.NativeConstructorAccessorImpl.newInstance (None:-1)
    at sun.reflect.DelegatingConstructorAccessorImpl.newInstance (None:-1)
    at java.lang.reflect.Constructor.newInstance (None:-1)
    at org.openqa.selenium.remote.http.W3CHttpResponseCodec.createException (W3CHttpResponseCodec.java:150)
    at org.openqa.selenium.remote.http.W3CHttpResponseCodec.decode (W3CHttpResponseCodec.java:115)
    at org.openqa.selenium.remote.http.W3CHttpResponseCodec.decode (W3CHttpResponseCodec.java:45)
    at org.openqa.selenium.remote.HttpCommandExecutor.execute (HttpCommandExecutor.java:164)
    at org.openqa.selenium.remote.service.DriverCommandExecutor.execute (DriverCommandExecutor.java:82)
    at org.openqa.selenium.remote.RemoteWebDriver.execute (RemoteWebDriver.java:637)
    at org.openqa.selenium.remote.RemoteWebDriver.execute (RemoteWebDriver.java:694)
    at org.openqa.selenium.remote.RemoteWebDriver$RemoteWebDriverOptions$RemoteWindow.maximize (RemoteWebDriver.java:925)
    at org.openqa.selenium.support.events.EventFiringWebDriver$EventFiringWindow.maximize (EventFiringWebDriver.java:641)
    at org.openqa.selenium.remote.server.handler.MaximizeWindow.call (MaximizeWindow.java:30)
    at org.openqa.selenium.remote.server.handler.MaximizeWindow.call (MaximizeWindow.java:22)
    at java.util.concurrent.FutureTask.run (None:-1)
    at org.openqa.selenium.remote.server.DefaultSession$1.run (DefaultSession.java:176)
    at java.util.concurrent.ThreadPoolExecutor.runWorker (None:-1)
    at java.util.concurrent.ThreadPoolExecutor$Worker.run (None:-1)
    at java.lang.Thread.run (None:-1)


        </pre>
    </div>
    <!--css div popup end-->

    </td>
</tr>

<tr id='total_row'>
    <td>Total</td>
    <td>4</td>
    <td>0</td>
    <td>0</td>
    <td>4</td>
    <td>&nbsp;</td>
</tr>
</table>

<div id='ending'>&nbsp;</div>

</body>
</html>
